{"name": "Проверка появления номера заказа в разделе В работе после его оформления", "status": "broken", "statusDetails": {"message": "selenium.common.exceptions.TimeoutException: Message: Not found ('xpath', '//li[text()=\"Все текущие заказы готовы!\"]')", "trace": "self = <tests.test_order_feed.TestOrderFeed object at 0x000001CA30FEE010>, driver = <selenium.webdriver.firefox.webdriver.WebDriver (session=\"6e45863d-b375-4bfa-a192-ee2d221fbe1b\")>, login = None\n\n    @allure.title('Проверка появления номера заказа в разделе В работе после его оформления')\n    def test_order_in_progress_after_checkout(self, driver, login):\n        main_page = MainPage(driver)\n        feed_page = OrderFeed(driver)\n        main_page.wait_for_constructor_page()\n        main_page.add_ingredient_in_order()\n        main_page.click_make_order()\n        main_page.wait_for_order_number()\n        time.sleep(2)\n        my_order = main_page.get_order_number_text()\n        main_page.close_order_popup()\n        main_page.click_on_order_list()\n>       orders_in_progress = feed_page.get_order_number_in_progress()\n\ntests\\test_order_feed.py:87: \n_ _ _ _ _ _ _ _ _ _ _ _ _ _ _ _ _ _ _ _ _ _ _ _ _ _ _ _ _ _ _ _ _ _ _ _ _ _ _ _ _ _ _ _ _ _ _ _ _ _ _ _ _ _ _ _ _ _ _ _ _ _ _ _ _ _ _ _ _ _ _ _ _ _ _ _ _ _ _ _ _ _ _ _ _ _ _ _ _ _ _ _ _ _ _ _ _ _ _ _ _ _ _ _ _ _ _ _ _ _ _ _ _ _ _ _\npages\\order_feed_page.py:26: in get_order_number_in_progress\n    self.find_invisible_element_located(OrdersFeedLocators.READY_ORDERS_TEXT)\npages\\base_page.py:35: in find_invisible_element_located\n    return WebDriverWait(self.driver, time).until(EC.invisibility_of_element_located(locator), message=f'Not found {locator}')\n_ _ _ _ _ _ _ _ _ _ _ _ _ _ _ _ _ _ _ _ _ _ _ _ _ _ _ _ _ _ _ _ _ _ _ _ _ _ _ _ _ _ _ _ _ _ _ _ _ _ _ _ _ _ _ _ _ _ _ _ _ _ _ _ _ _ _ _ _ _ _ _ _ _ _ _ _ _ _ _ _ _ _ _ _ _ _ _ _ _ _ _ _ _ _ _ _ _ _ _ _ _ _ _ _ _ _ _ _ _ _ _ _ _ _ _\n\nself = <selenium.webdriver.support.wait.WebDriverWait (session=\"6e45863d-b375-4bfa-a192-ee2d221fbe1b\")>, method = <function invisibility_of_element_located.<locals>._predicate at 0x000001CA316396C0>\nmessage = 'Not found (\\'xpath\\', \\'//li[text()=\"Все текущие заказы готовы!\"]\\')'\n\n    def until(self, method: Callable[[D], Union[Literal[False], T]], message: str = \"\") -> T:\n        \"\"\"Calls the method provided with the driver as an argument until the \\\n        return value does not evaluate to ``False``.\n    \n        :param method: callable(WebDriver)\n        :param message: optional message for :exc:`TimeoutException`\n        :returns: the result of the last call to `method`\n        :raises: :exc:`selenium.common.exceptions.TimeoutException` if timeout occurs\n        \"\"\"\n        screen = None\n        stacktrace = None\n    \n        end_time = time.monotonic() + self._timeout\n        while True:\n            try:\n                value = method(self._driver)\n                if value:\n                    return value\n            except self._ignored_exceptions as exc:\n                screen = getattr(exc, \"screen\", None)\n                stacktrace = getattr(exc, \"stacktrace\", None)\n            time.sleep(self._poll)\n            if time.monotonic() > end_time:\n                break\n>       raise TimeoutException(message, screen, stacktrace)\nE       selenium.common.exceptions.TimeoutException: Message: Not found ('xpath', '//li[text()=\"Все текущие заказы готовы!\"]')\n\nC:\\Python311\\Lib\\site-packages\\selenium\\webdriver\\support\\wait.py:105: TimeoutException"}, "steps": [{"name": "Подождать загрузку раздела Собери бургер", "status": "passed", "start": 1725032846729, "stop": 1725032846757}, {"name": "Добавить ингредиент в корзину заказа", "status": "passed", "start": 1725032846758, "stop": 1725032847327}, {"name": "Нажать на кнопку Оформить заказ", "status": "passed", "start": 1725032847327, "stop": 1725032847557}, {"name": "Подождать получение номера заказа", "status": "passed", "start": 1725032847557, "stop": 1725032847578}, {"name": "Получить текст с номером заказа", "status": "passed", "start": 1725032849579, "stop": 1725032849606}, {"name": "Закрыть попап заказа кнопкой крестик", "status": "passed", "start": 1725032849606, "stop": 1725032849841}, {"name": "Переход на страницу Лента заказов", "status": "passed", "start": 1725032849842, "stop": 1725032850089}, {"name": "Найти заказ по номеру среди заказов в работе", "status": "broken", "statusDetails": {"message": "selenium.common.exceptions.TimeoutException: Message: Not found ('xpath', '//li[text()=\"Все текущие заказы готовы!\"]')\n\n", "trace": "  File \"C:\\Python311\\Lib\\site-packages\\allure_commons\\_allure.py\", line 192, in impl\n    return func(*a, **kw)\n           ^^^^^^^^^^^^^^\n  File \"C:\\Users\\vyaznikovka\\OneDrive\\Документы\\Practicum\\Diplom\\Diplom_3\\pages\\order_feed_page.py\", line 26, in get_order_number_in_progress\n    self.find_invisible_element_located(OrdersFeedLocators.READY_ORDERS_TEXT)\n  File \"C:\\Users\\vyaznikovka\\OneDrive\\Документы\\Practicum\\Diplom\\Diplom_3\\pages\\base_page.py\", line 35, in find_invisible_element_located\n    return WebDriverWait(self.driver, time).until(EC.invisibility_of_element_located(locator), message=f'Not found {locator}')\n           ^^^^^^^^^^^^^^^^^^^^^^^^^^^^^^^^^^^^^^^^^^^^^^^^^^^^^^^^^^^^^^^^^^^^^^^^^^^^^^^^^^^^^^^^^^^^^^^^^^^^^^^^^^^^^^^^^^^\n  File \"C:\\Python311\\Lib\\site-packages\\selenium\\webdriver\\support\\wait.py\", line 105, in until\n    raise TimeoutException(message, screen, stacktrace)\n"}, "start": 1725032850089, "stop": 1725032880803}], "parameters": [{"name": "driver", "value": "'firefox'"}], "start": 1725032846728, "stop": 1725032880982, "uuid": "28f9ecf2-c2fb-4a7a-8c0c-a4387400da92", "historyId": "cfb3915062c9749256f1bc349942abe0", "testCaseId": "bde625975a0aec118501f639d2c2c8fe", "fullName": "tests.test_order_feed.TestOrderFeed#test_order_in_progress_after_checkout", "labels": [{"name": "parentSuite", "value": "tests"}, {"name": "suite", "value": "test_order_feed"}, {"name": "subSuite", "value": "TestOrderFeed"}, {"name": "host", "value": "LAPTOP-HMKBQSJN"}, {"name": "thread", "value": "19368-MainThread"}, {"name": "framework", "value": "pytest"}, {"name": "language", "value": "cpython3"}, {"name": "package", "value": "tests.test_order_feed"}]}